<?xml version="1.0" encoding="UTF-8"?>
<testng-results ignored="0" total="1" passed="1" failed="0" skipped="0">
  <reporter-output>
  </reporter-output>
  <suite started-at="2023-05-08T00:24:30 EDT" name="Default suite" finished-at="2023-05-08T00:24:48 EDT" duration-ms="17807">
    <groups>
    </groups>
    <test started-at="2023-05-08T00:24:30 EDT" name="Default test" finished-at="2023-05-08T00:24:48 EDT" duration-ms="17807">
      <class name="com.testsenario.Fb_login">
        <test-method is-config="true" signature="apple()[pri:0, instance:com.testsenario.Fb_login@2a7f1f10]" started-at="2023-05-08T00:24:30 EDT" name="apple" finished-at="2023-05-08T00:24:33 EDT" duration-ms="2315" status="PASS">
          <reporter-output>
          </reporter-output>
        </test-method> <!-- apple -->
        <test-method signature="f()[pri:0, instance:com.testsenario.Fb_login@2a7f1f10]" started-at="2023-05-08T00:24:33 EDT" name="f" finished-at="2023-05-08T00:24:48 EDT" duration-ms="15450" status="PASS">
          <reporter-output>
          </reporter-output>
        </test-method> <!-- f -->
      </class> <!-- com.testsenario.Fb_login -->
    </test> <!-- Default test -->
  </suite> <!-- Default suite -->
</testng-results>
