<?xml version="1.0" encoding="UTF-8"?>
<testng-results ignored="0" total="1" passed="1" failed="0" skipped="0">
  <reporter-output>
  </reporter-output>
  <suite started-at="2023-05-11T23:21:45 EDT" name="Default suite" finished-at="2023-05-11T23:21:53 EDT" duration-ms="8442">
    <groups>
    </groups>
    <test started-at="2023-05-11T23:21:45 EDT" name="Default test" finished-at="2023-05-11T23:21:53 EDT" duration-ms="8442">
      <class name="com.testsenario.Fb_login">
        <test-method signature="f()[pri:0, instance:com.testsenario.Fb_login@368247b9]" started-at="2023-05-11T23:21:45 EDT" name="f" finished-at="2023-05-11T23:21:53 EDT" duration-ms="8407" status="PASS">
          <reporter-output>
          </reporter-output>
        </test-method> <!-- f -->
      </class> <!-- com.testsenario.Fb_login -->
    </test> <!-- Default test -->
  </suite> <!-- Default suite -->
</testng-results>
